<?xml version="1.0" encoding="UTF-8"?>
<testsuite xmlns:xsi="http://www.w3.org/2001/XMLSchema-instance" xsi:noNamespaceSchemaLocation="https://maven.apache.org/surefire/maven-surefire-plugin/xsd/surefire-test-report.xsd" version="3.0.2" name="com.licify.LicifyTest" time="6.559" tests="27" errors="0" skipped="0" failures="0">
  <properties>
[...]
</properties>
  <testcase name="testLicenseBuilder" classname="com.licify.LicifyTest" time="2.281">
    <system-err><![CDATA[Loaded {0} revoked licenses from file
All revocations cleared
SLF4J(W): No SLF4J providers were found.
SLF4J(W): Defaulting to no-operation (NOP) logger implementation
SLF4J(W): See https://www.slf4j.org/codes.html#noProviders for further details.
]]></system-err>
  </testcase>
  <testcase name="testExpirationTime" classname="com.licify.LicifyTest" time="0.305">
    <system-err><![CDATA[All revocations cleared
]]></system-err>
  </testcase>
  <testcase name="testVerifyWithSpecificConfig" classname="com.licify.LicifyTest" time="0.138">
    <system-err><![CDATA[All revocations cleared
]]></system-err>
  </testcase>
  <testcase name="testGenerateSeed" classname="com.licify.LicifyTest" time="0.26">
    <system-err><![CDATA[All revocations cleared
]]></system-err>
  </testcase>
  <testcase name="testSignLicense" classname="com.licify.LicifyTest" time="0.101">
    <system-err><![CDATA[All revocations cleared
]]></system-err>
  </testcase>
  <testcase name="testVerifyWithSpecificAlgorithm" classname="com.licify.LicifyTest" time="0.204">
    <system-err><![CDATA[All revocations cleared
]]></system-err>
  </testcase>
  <testcase name="testSetDefaultSignatureConfig" classname="com.licify.LicifyTest" time="0.141">
    <system-err><![CDATA[All revocations cleared
]]></system-err>
  </testcase>
  <testcase name="testVerifyShortKey" classname="com.licify.LicifyTest" time="0.165">
    <system-err><![CDATA[All revocations cleared
]]></system-err>
  </testcase>
  <testcase name="testLicenseRevocation" classname="com.licify.LicifyTest" time="0.227">
    <system-err><![CDATA[All revocations cleared
License revoked: {0}
]]></system-err>
  </testcase>
  <testcase name="testVerifySignedLicense" classname="com.licify.LicifyTest" time="0.282">
    <system-err><![CDATA[All revocations cleared
]]></system-err>
  </testcase>
  <testcase name="testCreatePortableLicense" classname="com.licify.LicifyTest" time="0.089">
    <system-err><![CDATA[All revocations cleared
]]></system-err>
  </testcase>
  <testcase name="testDateTimeUtils" classname="com.licify.LicifyTest" time="0.124">
    <system-err><![CDATA[All revocations cleared
]]></system-err>
  </testcase>
  <testcase name="testGenerateKeyPairWithConfig" classname="com.licify.LicifyTest" time="0.278">
    <system-err><![CDATA[All revocations cleared
]]></system-err>
  </testcase>
  <testcase name="testValidShortKeyFormat" classname="com.licify.LicifyTest" time="0.131">
    <system-err><![CDATA[All revocations cleared
]]></system-err>
  </testcase>
  <testcase name="testLicenseFeatures" classname="com.licify.LicifyTest" time="0.102">
    <system-err><![CDATA[All revocations cleared
]]></system-err>
  </testcase>
  <testcase name="testSerializeDeserialize" classname="com.licify.LicifyTest" time="0.066">
    <system-err><![CDATA[All revocations cleared
]]></system-err>
  </testcase>
  <testcase name="testGenerateKeyPair" classname="com.licify.LicifyTest" time="0.242">
    <system-err><![CDATA[All revocations cleared
]]></system-err>
  </testcase>
  <testcase name="testSaveAndLoadBinary" classname="com.licify.LicifyTest" time="0.214">
    <system-err><![CDATA[All revocations cleared
]]></system-err>
  </testcase>
  <testcase name="testCalculatePublicKeyFingerprint" classname="com.licify.LicifyTest" time="0.129">
    <system-err><![CDATA[All revocations cleared
]]></system-err>
  </testcase>
  <testcase name="testGenerateShortKey" classname="com.licify.LicifyTest" time="0.241">
    <system-err><![CDATA[All revocations cleared
]]></system-err>
  </testcase>
  <testcase name="testSaveAndLoadString" classname="com.licify.LicifyTest" time="0.103">
    <system-err><![CDATA[All revocations cleared
]]></system-err>
  </testcase>
  <testcase name="testCreateCommercialLicense" classname="com.licify.LicifyTest" time="0.096">
    <system-err><![CDATA[All revocations cleared
]]></system-err>
  </testcase>
  <testcase name="testVerifyInvalidLicense" classname="com.licify.LicifyTest" time="0.256">
    <system-out><![CDATA[ERROR: La licencia no tiene firma digital
]]></system-out>
    <system-err><![CDATA[All revocations cleared
]]></system-err>
  </testcase>
  <testcase name="testDefaultSignatureConfig" classname="com.licify.LicifyTest" time="0.075">
    <system-err><![CDATA[All revocations cleared
]]></system-err>
  </testcase>
  <testcase name="testIsValidLicense" classname="com.licify.LicifyTest" time="0.078">
    <system-err><![CDATA[All revocations cleared
]]></system-err>
  </testcase>
  <testcase name="testGenerateLicenseId" classname="com.licify.LicifyTest" time="0.089">
    <system-err><![CDATA[All revocations cleared
]]></system-err>
  </testcase>
  <testcase name="testCreateTrialLicense" classname="com.licify.LicifyTest" time="0.108">
    <system-err><![CDATA[All revocations cleared
]]></system-err>
  </testcase>
</testsuite>