<?xml version="1.0" encoding="UTF-8"?>
<testsuite xmlns:xsi="http://www.w3.org/2001/XMLSchema-instance" xsi:noNamespaceSchemaLocation="https://maven.apache.org/surefire/maven-surefire-plugin/xsd/surefire-test-report.xsd" version="3.0.2" name="com.licify.LicifyTest" time="16.577" tests="27" errors="1" skipped="0" failures="1">
  <properties>
[...]
</properties>
  <testcase name="testLicenseBuilder" classname="com.licify.LicifyTest" time="10.196">
    <system-err><![CDATA[Mockito is currently self-attaching to enable the inline-mock-maker. This will no longer work in future releases of the JDK. Please add Mockito as an agent to your build as described in Mockito's documentation: https://javadoc.io/doc/org.mockito/mockito-core/latest/org.mockito/org/mockito/Mockito.html#0.3
WARNING: A Java agent has been loaded dynamically (C:\Users\CONTADOR\.m2\repository\net\bytebuddy\byte-buddy-agent\1.15.11\byte-buddy-agent-1.15.11.jar)
WARNING: If a serviceability tool is in use, please run with -XX:+EnableDynamicAgentLoading to hide this warning
WARNING: If a serviceability tool is not in use, please run with -Djdk.instrument.traceUsage for more information
WARNING: Dynamic loading of agents will be disallowed by default in a future release
Loaded {0} revoked licenses from file
All revocations cleared
SLF4J(W): No SLF4J providers were found.
SLF4J(W): Defaulting to no-operation (NOP) logger implementation
SLF4J(W): See https://www.slf4j.org/codes.html#noProviders for further details.
]]></system-err>
  </testcase>
  <testcase name="testExpirationTime" classname="com.licify.LicifyTest" time="0.4">
    <system-err><![CDATA[All revocations cleared
]]></system-err>
  </testcase>
  <testcase name="testVerifyWithSpecificConfig" classname="com.licify.LicifyTest" time="0.648">
    <system-err><![CDATA[All revocations cleared
]]></system-err>
  </testcase>
  <testcase name="testGenerateSeed" classname="com.licify.LicifyTest" time="0.118">
    <failure message="expected: &lt;USUARIO123&gt; but was: &lt;Pe5iAXZ89HNPvtObT9krMxNrOFptFbnws1kSEoqLEcA=&gt;" type="org.opentest4j.AssertionFailedError"><![CDATA[org.opentest4j.AssertionFailedError: expected: <USUARIO123> but was: <Pe5iAXZ89HNPvtObT9krMxNrOFptFbnws1kSEoqLEcA=>
	at org.junit.jupiter.api.AssertionFailureBuilder.build(AssertionFailureBuilder.java:151)
	at org.junit.jupiter.api.AssertionFailureBuilder.buildAndThrow(AssertionFailureBuilder.java:132)
	at org.junit.jupiter.api.AssertEquals.failNotEqual(AssertEquals.java:197)
	at org.junit.jupiter.api.AssertEquals.assertEquals(AssertEquals.java:182)
	at org.junit.jupiter.api.AssertEquals.assertEquals(AssertEquals.java:177)
	at org.junit.jupiter.api.Assertions.assertEquals(Assertions.java:1145)
	at com.licify@1.0/com.licify.LicifyTest.testGenerateSeed(LicifyTest.java:92)
	at java.base/java.lang.reflect.Method.invoke(Method.java:565)
	at java.base/java.util.ArrayList.forEach(ArrayList.java:1604)
	at java.base/java.util.ArrayList.forEach(ArrayList.java:1604)
]]></failure>
    <system-err><![CDATA[All revocations cleared
]]></system-err>
  </testcase>
  <testcase name="testSignLicense" classname="com.licify.LicifyTest" time="0.369">
    <system-err><![CDATA[All revocations cleared
]]></system-err>
  </testcase>
  <testcase name="testVerifyWithSpecificAlgorithm" classname="com.licify.LicifyTest" time="0.361">
    <system-err><![CDATA[All revocations cleared
]]></system-err>
  </testcase>
  <testcase name="testSetDefaultSignatureConfig" classname="com.licify.LicifyTest" time="0.176">
    <system-err><![CDATA[All revocations cleared
]]></system-err>
  </testcase>
  <testcase name="testVerifyShortKey" classname="com.licify.LicifyTest" time="0.071">
    <system-err><![CDATA[All revocations cleared
]]></system-err>
  </testcase>
  <testcase name="testLicenseRevocation" classname="com.licify.LicifyTest" time="0.131">
    <system-err><![CDATA[All revocations cleared
License revoked: {0}
]]></system-err>
  </testcase>
  <testcase name="testVerifySignedLicense" classname="com.licify.LicifyTest" time="0.361">
    <system-err><![CDATA[All revocations cleared
]]></system-err>
  </testcase>
  <testcase name="testCreatePortableLicense" classname="com.licify.LicifyTest" time="0.146">
    <system-err><![CDATA[All revocations cleared
]]></system-err>
  </testcase>
  <testcase name="testDateTimeUtils" classname="com.licify.LicifyTest" time="0.097">
    <system-err><![CDATA[All revocations cleared
]]></system-err>
  </testcase>
  <testcase name="testGenerateKeyPairWithConfig" classname="com.licify.LicifyTest" time="0.562">
    <system-err><![CDATA[All revocations cleared
]]></system-err>
  </testcase>
  <testcase name="testValidShortKeyFormat" classname="com.licify.LicifyTest" time="0.094">
    <system-err><![CDATA[All revocations cleared
]]></system-err>
  </testcase>
  <testcase name="testLicenseFeatures" classname="com.licify.LicifyTest" time="0.329">
    <system-err><![CDATA[All revocations cleared
]]></system-err>
  </testcase>
  <testcase name="testSerializeDeserialize" classname="com.licify.LicifyTest" time="0.179">
    <system-err><![CDATA[All revocations cleared
]]></system-err>
  </testcase>
  <testcase name="testGenerateKeyPair" classname="com.licify.LicifyTest" time="0.339">
    <system-err><![CDATA[All revocations cleared
]]></system-err>
  </testcase>
  <testcase name="testSaveAndLoadBinary" classname="com.licify.LicifyTest" time="0.238">
    <system-err><![CDATA[All revocations cleared
]]></system-err>
  </testcase>
  <testcase name="testCalculatePublicKeyFingerprint" classname="com.licify.LicifyTest" time="0.128">
    <system-err><![CDATA[All revocations cleared
]]></system-err>
  </testcase>
  <testcase name="testGenerateShortKey" classname="com.licify.LicifyTest" time="0.161">
    <system-err><![CDATA[All revocations cleared
]]></system-err>
  </testcase>
  <testcase name="testSaveAndLoadString" classname="com.licify.LicifyTest" time="0.078">
    <error message="test_license.bin" type="java.nio.file.NoSuchFileException"><![CDATA[java.nio.file.NoSuchFileException: test_license.bin
	at java.base/sun.nio.fs.WindowsException.translateToIOException(WindowsException.java:85)
	at java.base/sun.nio.fs.WindowsException.rethrowAsIOException(WindowsException.java:103)
	at java.base/sun.nio.fs.WindowsException.rethrowAsIOException(WindowsException.java:108)
	at java.base/sun.nio.fs.WindowsFileSystemProvider.newByteChannel(WindowsFileSystemProvider.java:231)
	at java.base/java.nio.file.spi.FileSystemProvider.newOutputStream(FileSystemProvider.java:426)
	at java.base/java.nio.file.Files.newOutputStream(Files.java:215)
	at java.base/java.nio.file.Files.write(Files.java:3171)
	at com.licify@1.0/com.licify.Licify.save(Licify.java:989)
	at com.licify@1.0/com.licify.LicifyTest.testSaveAndLoadString(LicifyTest.java:348)
	at java.base/java.lang.reflect.Method.invoke(Method.java:565)
	at java.base/java.util.ArrayList.forEach(ArrayList.java:1604)
	at java.base/java.util.ArrayList.forEach(ArrayList.java:1604)
]]></error>
    <system-err><![CDATA[All revocations cleared
]]></system-err>
  </testcase>
  <testcase name="testCreateCommercialLicense" classname="com.licify.LicifyTest" time="0.087">
    <system-err><![CDATA[All revocations cleared
]]></system-err>
  </testcase>
  <testcase name="testVerifyInvalidLicense" classname="com.licify.LicifyTest" time="0.256">
    <system-out><![CDATA[ERROR: La licencia no tiene firma digital
]]></system-out>
    <system-err><![CDATA[All revocations cleared
]]></system-err>
  </testcase>
  <testcase name="testDefaultSignatureConfig" classname="com.licify.LicifyTest" time="0.165">
    <system-err><![CDATA[All revocations cleared
]]></system-err>
  </testcase>
  <testcase name="testIsValidLicense" classname="com.licify.LicifyTest" time="0.28">
    <system-err><![CDATA[All revocations cleared
]]></system-err>
  </testcase>
  <testcase name="testGenerateLicenseId" classname="com.licify.LicifyTest" time="0.134">
    <system-err><![CDATA[All revocations cleared
]]></system-err>
  </testcase>
  <testcase name="testCreateTrialLicense" classname="com.licify.LicifyTest" time="0.279">
    <system-err><![CDATA[All revocations cleared
]]></system-err>
  </testcase>
</testsuite>